<?xml version="1.0" encoding="UTF-8"?>
<testng-results ignored="0" total="1" passed="1" failed="0" skipped="0">
  <reporter-output>
  </reporter-output>
  <suite started-at="2024-06-07T15:42:30 IST" name="Default suite" finished-at="2024-06-07T15:42:47 IST" duration-ms="17003">
    <groups>
    </groups>
    <test started-at="2024-06-07T15:42:30 IST" name="Default test" finished-at="2024-06-07T15:42:47 IST" duration-ms="17003">
      <class name="flipkart.BrowserTest">
        <test-method is-config="true" signature="startApp()[pri:0, instance:flipkart.BrowserTest@723ca036]" started-at="2024-06-07T15:42:30 IST" name="startApp" finished-at="2024-06-07T15:42:45 IST" duration-ms="14064" status="PASS">
          <reporter-output>
          </reporter-output>
        </test-method> <!-- startApp -->
        <test-method signature="Scriptbrowser()[pri:0, instance:flipkart.BrowserTest@723ca036]" started-at="2024-06-07T15:42:45 IST" name="Scriptbrowser" finished-at="2024-06-07T15:42:46 IST" duration-ms="1972" status="PASS">
          <reporter-output>
          </reporter-output>
        </test-method> <!-- Scriptbrowser -->
        <test-method is-config="true" signature="closeApp()[pri:0, instance:flipkart.BrowserTest@723ca036]" started-at="2024-06-07T15:42:46 IST" name="closeApp" finished-at="2024-06-07T15:42:47 IST" duration-ms="899" status="PASS">
          <reporter-output>
          </reporter-output>
        </test-method> <!-- closeApp -->
      </class> <!-- flipkart.BrowserTest -->
    </test> <!-- Default test -->
  </suite> <!-- Default suite -->
</testng-results>
